12:02:32 **** Incremental Build of configuration Debug for project armds_lab5 ****
make all 
Building file: ../src/lab5.s
Invoking: Arm Assembler 6
armclang --target=aarch64-arm-none-eabi -mcpu=cortex-a53+nocrypto -g -c -o "src/lab5.o" "../src/lab5.s"
Finished building: ../src/lab5.s
 
Building target: armds_lab5.axf
Invoking: Arm Linker 6
armlink --ro_base=0x80000000 --info=sizes -o "armds_lab5.axf"  ./src/armds_lab5.o ./src/lab5.o   

==============================================================================

Image component sizes


      Code (inc. data)   RO Data    RW Data    ZI Data      Debug   Object Name

       140          0          0        106          0        440   lab5.o

    ----------------------------------------------------------------------
       140          0         32        112          0        440   Object Totals
         0          0         32          0          0          0   (incl. Generated)
         0          0          0          6          0          0   (incl. Padding)

    ----------------------------------------------------------------------

      Code (inc. data)   RO Data    RW Data    ZI Data      Debug   Library Member Name

         8          0          0          0          0        176   __main.o
       896          0         17          0          0          0   __printf_flags_ss_wp.o
         0          0          0          0          0          0   __rtentry.o
        12          0          0          0          0          0   __rtentry2.o
         8          0          0          0          0          0   __rtentry4.o
       120         16          0          0          0          0   __scatter.o
        20          0          0          0          0          0   __scatter_zi.o
       124          0          0          0          0          0   _c32rtomb.o
        40          0          0          0          0          0   _chval.o
       460          0          0          0          0          0   _get_argv.o
       124          0          0          0          0          0   _mbrtoc32.o
         8          0          0          0          0          0   _printf_a.o
         8          0          0          0          0          0   _printf_c.o
       188          0          0          0          0          0   _printf_char.o
        88          0          0          0          0          0   _printf_char_common.o
        84          0          0          0          0          0   _printf_char_file.o
       132          0          0          0          0          0   _printf_charcount.o
         8          0          0          0          0          0   _printf_d.o
       264          0          4          0          0          0   _printf_dec.o
         8          0          0          0          0          0   _printf_e.o
         8          0          0          0          0          0   _printf_f.o
      2320          0        128          0          0          0   _printf_fp_dec.o
      1368          0         38          0          0          0   _printf_fp_hex.o
       204          0         16          0          0          0   _printf_fp_infnan.o
         8          0          0          0          0          0   _printf_g.o
       416          0         40          0          0          0   _printf_hex_int_ll_ptr.o
         8          0          0          0          0          0   _printf_i.o
       300          0          0          0          0          0   _printf_intcommon.o
        12          0          0          0          0          0   _printf_l.o
         8          0          0          0          0          0   _printf_lc.o
        16          0          0          0          0          0   _printf_ll.o
         8          0          0          0          0          0   _printf_lld.o
         8          0          0          0          0          0   _printf_lli.o
         8          0          0          0          0          0   _printf_llo.o
         8          0          0          0          0          0   _printf_llu.o
         8          0          0          0          0          0   _printf_llx.o
       224          0          0          0          0          0   _printf_longlong_dec.o
         8          0          0          0          0          0   _printf_ls.o
         8          0          0          0          0          0   _printf_n.o
         8          0          0          0          0          0   _printf_o.o
       256          0          2          0          0          0   _printf_oct_int_ll.o
         8          0          0          0          0          0   _printf_p.o
       172          0          0          0          0          0   _printf_pad.o
         0          0          0          0          0          0   _printf_percent.o
         8          0          0          0          0          0   _printf_percent_end.o
         8          0          0          0          0          0   _printf_s.o
       172          0          0          0          0          0   _printf_str.o
        64          0          0          0          0          0   _printf_truncate.o
         8          0          0          0          0          0   _printf_u.o
       188          0          0          0          0          0   _printf_wchar.o
       284          0          0          0          0          0   _printf_wctomb.o
         8          0          0          0          0          0   _printf_x.o
        44          0          0          0          0          0   _rserrno.o
      1464          0         33          0          0          0   _scanf.o
       652          0          0          0          0          0   _scanf_int.o
       532          0          0          0          0          0   _scanf_longlong.o
       532          0          0          0          0          0   _scanf_mbtowc.o
       436          0          0          0          0          0   _scanf_str.o
        36          0          0          0          0          0   _scanf_wcharmap.o
       476          0          0          0          0          0   _scanf_wctomb.o
       440          0          0          0          0          0   _scanf_wstr.o
        12          0          0          0          0          0   abs.o
        16          0          0          0          0          0   argv_veneer.o
       120          0          0          0          0          0   backspace.o
       348          0        272          0          0          0   bigflt0.o
      1900          0          0          0          0          0   btod.o
        12          0          0          0          0          0   defsig_exit.o
        96          0          0          0          0          0   defsig_general.o
        44          0         53          0          0          0   defsig_rtmem_inner.o
        16          0          0          0          0          0   defsig_rtmem_outer.o
        32          0         33          0          0          0   defsig_rtred_inner.o
        16          0          0          0          0          0   defsig_rtred_outer.o
        20          0          0          0          0          0   exit.o
       120          0          0          0          0          0   fclose.o
        12          0          0          0          0          0   ferror.o
       180          0          0          0          0          0   fflush.o
        48          0          0          0          0          0   fgetc.o
       980          0          0          0          0          0   filbuf.o
       772          0          0          0          0          0   flsbuf.o
        84          0          0          0          0          0   flushlinebuffered.o
       420          0          0          0          0          0   fopen.o
        60          0          0          0          0          0   fputc.o
       376          0          0          0          0          0   fseek.o
       108          0          0          0          0          0   ftell.o
       152          0          0          0          0          0   h1_alloc.o
        68          0          0          0          0          0   h1_extend.o
       124          0          0          0          0          0   h1_free.o
        16          0          0          0          0          0   h1_init.o
       124          0          0          0          8          0   heapauxa.o
         8          0          0          0          0          0   hguard.o
         8          0          0          0          0          0   hrguard.o
         0          0          0          0          0          0   indicate_semi.o
       240          0          0          0          0          0   init_alloc.o
       492          0          4          0          0          0   initio.o
        32          0          0          0          0          0   isspace.o
        60          0        272          0          0        200   lc_ctype_c.o
        60          0         28          0          0        200   lc_numeric_c.o
        12          0          0          0          0          0   libinit.o
        88          0          0          0          0          0   libinit2.o
         4          0          0          0          0          0   libshutdown.o
        12          0          0          0          0          0   libshutdown2.o
         0          0          0          0          0          0   maybetermalloc1.o
        44          0          0          0          0          0   memset.o
       112          0          0          0          0          0   printf.o
        20          0          0          0          0        192   rt_ctype_table.o
        16          8          0          0          8        176   rt_errno_addr.o
        16          8          0          0          8        176   rt_heap_descriptor.o
        16          8          0          0         40        176   rt_locale.o
       204          0          0          0          0          0   rt_memclr.o
         4          0          0          0          0          0   rtexit.o
        12          0          0          0          0          0   rtexit2.o
       112          0          0          0          0          0   scanf.o
        64          0          0          0          0          0   scanf_char.o
        24          0          0          0          0          0   scanf_char_file.o
      2200          0          0          0          0          0   scanf_fp.o
      1200          0          0          0          0          0   scanf_hexfp.o
       668          0          9          0          0          0   scanf_infnan.o
       120          0          0          0          0          0   setvbuf.o
       448          0          0          0          0          0   stdio.o
         0          0          0          0        432          0   stdio_streams.o
       220          0          0          0          0          0   strcmp.o
       140          0          0          0          0          0   strlen.o
        48          0          0          0          0          0   sys_command.o
        32          0          0          0          0          0   sys_exit.o
       264          0          0          0          0          0   sys_io.o
         0          0         12          0          0          0   sys_io_names.o
        80         16          0         40          0        176   sys_stackheap_oban.o
        28          0          0          0          0          0   sys_wrch.o
       104          0          0          0          0          0   ungetc.o
         4          0          0          0          0        176   use_no_semi.o
       620          0          0          0          0          0   dmul.o
       120          0          0          0          0          0   dscalbn.o
         0          0         16          0          0          0   fpconst.o
        16          0          0          0          0          0   fpinit.o
         8          0          0          0          0          0   ieee_status.o
         4          0          0          0          0        176   printf1.o
         4          0          0          0          0        176   printf2.o
         4          0          0          0          0        176   scanf1.o
         8          0          0          0          0        200   scanf2.o
         0          0          0          0          0          0   usenofp.o
        32          0          0          0          0          0   dunder.o
        68          0          0          0          0          0   fpclassify.o
       120          0          0          0          0          0   frexp.o
       204          0          0          0          0          0   ldexp.o
       308          0          0          0          0          0   narrow.o

    ----------------------------------------------------------------------
     28360         56        984         40        496       2376   Library Totals
         8          0          7          0          0          0   (incl. Padding)

    ----------------------------------------------------------------------

      Code (inc. data)   RO Data    RW Data    ZI Data      Debug   Library Name

     26836         56        961         40        496       1648   c_ou.l
       784          0         16          0          0        728   fz_ov.l
       732          0          0          0          0          0   m_ov.l

    ----------------------------------------------------------------------
     28360         56        984         40        496       2376   Library Totals

    ----------------------------------------------------------------------

==============================================================================


      Code (inc. data)   RO Data    RW Data    ZI Data      Debug   

     28500         56       1016        152        496       2816   Grand Totals
     28500         56       1016        152        496       2816   ELF Image Totals
     28500         56       1016        152          0          0   ROM Totals

==============================================================================

    Total RO  Size (Code + RO Data)                29516 (  28.82kB)
    Total RW  Size (RW Data + ZI Data)               648 (   0.63kB)
    Total ROM Size (Code + RO Data + RW Data)      29668 (  28.97kB)

==============================================================================

Finished building target: armds_lab5.axf
 

12:02:32 Build Finished. 0 errors, 0 warnings. (took 598ms)

